TN:
SF:src/MinimalDEX.sol
FN:51,MinimalDEX.addLiquidity
FNDA:281,MinimalDEX.addLiquidity
DA:55,281
BRDA:55,0,0,1
BRDA:55,0,1,280
DA:56,280
BRDA:56,1,0,1
BRDA:56,1,1,279
DA:58,279
DA:59,279
DA:61,279
DA:62,279
DA:63,279
DA:64,279
DA:66,279
BRDA:66,2,0,276
BRDA:66,2,1,1
DA:67,276
DA:68,276
DA:69,276
DA:70,276
DA:71,276
DA:73,3
DA:74,3
DA:76,3
DA:78,3
BRDA:78,3,0,1
BRDA:78,3,1,2
DA:80,2
BRDA:80,4,0,1
DA:81,1
DA:84,1
BRDA:84,5,0,-
BRDA:84,5,1,1
DA:87,2
DA:89,2
BRDA:89,6,0,1
BRDA:89,6,1,1
DA:91,1
DA:92,1
DA:93,1
DA:94,1
DA:97,277
FN:106,MinimalDEX.removeLiquidity
FNDA:3,MinimalDEX.removeLiquidity
DA:110,3
DA:111,3
BRDA:111,7,0,1
BRDA:111,7,1,2
DA:116,2
DA:117,2
DA:118,2
DA:120,2
BRDA:120,8,0,1
BRDA:120,8,1,1
DA:122,1
DA:123,1
DA:124,1
DA:125,1
DA:127,1
DA:128,1
BRDA:128,9,0,-
BRDA:128,9,1,1
DA:129,1
DA:131,1
FN:140,MinimalDEX.swapEthForToken
FNDA:4,MinimalDEX.swapEthForToken
DA:144,4
BRDA:144,10,0,1
BRDA:144,10,1,3
DA:145,3
DA:146,3
BRDA:146,11,0,1
BRDA:146,11,1,2
DA:148,2
DA:149,2
DA:151,2
DA:152,2
DA:155,2
BRDA:155,12,0,1
BRDA:155,12,1,1
DA:157,1
DA:158,1
DA:160,1
DA:162,1
FN:165,MinimalDEX.swapTokenForEth
FNDA:3,MinimalDEX.swapTokenForEth
DA:170,3
DA:171,3
BRDA:171,13,0,1
BRDA:171,13,1,2
DA:173,2
DA:174,2
DA:175,2
DA:176,2
DA:178,2
DA:179,2
DA:181,2
DA:183,2
BRDA:183,14,0,1
BRDA:183,14,1,1
DA:185,1
DA:186,1
DA:188,1
DA:189,1
BRDA:189,15,0,-
BRDA:189,15,1,1
DA:191,1
FN:194,MinimalDEX.swapTokenForToken
FNDA:4,MinimalDEX.swapTokenForToken
DA:200,4
BRDA:200,16,0,1
BRDA:200,16,1,3
DA:202,3
DA:203,3
DA:204,3
BRDA:204,17,0,1
BRDA:204,17,1,2
DA:209,2
DA:210,2
DA:211,2
DA:214,2
DA:215,2
DA:217,2
DA:219,2
DA:220,2
DA:222,2
DA:226,2
BRDA:226,18,0,1
BRDA:226,18,1,1
DA:228,1
DA:229,1
DA:231,1
DA:233,1
FN:242,MinimalDEX.sqrt
FNDA:276,MinimalDEX.sqrt
DA:243,276
BRDA:243,19,0,275
BRDA:243,19,1,1
DA:244,275
DA:245,275
DA:246,6031
DA:247,5756
DA:248,5756
DA:250,1
BRDA:250,20,0,1
DA:251,1
FNF:6
FNH:6
LF:95
LH:95
BRF:40
BRH:37
end_of_record
TN:
SF:src/token/Token.sol
FN:7,Tokens.
FNDA:0,Tokens.
FNF:1
FNH:0
LF:0
LH:0
BRF:0
BRH:0
end_of_record
TN:
SF:test/MinimalDEX.t.sol
FN:9,MockERC20.
FNDA:44,MockERC20.
FN:11,MockERC20.mint
FNDA:88,MockERC20.mint
DA:12,88
FNF:2
FNH:2
LF:1
LH:1
BRF:0
BRH:0
end_of_record
